Android/teste erros/MediaEscolarMVC/app/build/intermediates/manifest_merge_blame_file/debug/manifest-merger-blame-debug-report.txt
1<?xml version="1.0" encoding="utf-8"?>
2<manifest xmlns:android="http://schemas.android.com/apk/res/android"
3    package="com.example.mediaescolarmvc"
4    android:versionCode="1"
5    android:versionName="1.0" >
6
7    <uses-sdk
8        android:minSdkVersion="15"
8-->src\main\AndroidManifest.xml
9        android:targetSdkVersion="29" />
9-->src\main\AndroidManifest.xml
10
11    <uses-permission android:name="android.permission.READ_EXTERNAL_STORAGE" />
11-->src\main\AndroidManifest.xml:5:5-80
11-->src\main\AndroidManifest.xml:5:22-77
12    <uses-permission android:name="android.permission.WRITE_EXTERNAL_STORAGE" />
12-->src\main\AndroidManifest.xml:6:5-81
12-->src\main\AndroidManifest.xml:6:22-78
13
14    <!-- Include required permissions for Google Maps API to run. -->
15    <uses-permission android:name="android.permission.ACCESS_NETWORK_STATE" />
15-->[com.google.android.gms:play-services-maps:11.8.0] AndroidManifest.xml:23:5-79
15-->[com.google.android.gms:play-services-maps:11.8.0] AndroidManifest.xml:23:22-76
16    <uses-permission android:name="android.permission.INTERNET" />
16-->[com.google.android.gms:play-services-maps:11.8.0] AndroidManifest.xml:24:5-67
16-->[com.google.android.gms:play-services-maps:11.8.0] AndroidManifest.xml:24:22-64
17
18    <uses-feature
18-->[com.google.android.gms:play-services-maps:11.8.0] AndroidManifest.xml:26:5-28:35
19        android:glEsVersion="0x00020000"
19-->[com.google.android.gms:play-services-maps:11.8.0] AndroidManifest.xml:27:9-41
20        android:required="true" />
20-->[com.google.android.gms:play-services-maps:11.8.0] AndroidManifest.xml:28:9-32
21
22    <application
22-->src\main\AndroidManifest.xml:8:5-34:19
23        android:allowBackup="true"
23-->src\main\AndroidManifest.xml:9:9-35
24        android:appComponentFactory="androidx.core.app.CoreComponentFactory"
24-->[androidx.core:core:1.0.1] AndroidManifest.xml:22:18-86
25        android:debuggable="true"
26        android:icon="@mipmap/ic_launcher"
26-->src\main\AndroidManifest.xml:10:9-43
27        android:label="@string/app_name"
27-->src\main\AndroidManifest.xml:11:9-41
28        android:roundIcon="@mipmap/ic_launcher_round"
28-->src\main\AndroidManifest.xml:12:9-54
29        android:supportsRtl="true"
29-->src\main\AndroidManifest.xml:13:9-35
30        android:testOnly="true"
31        android:theme="@style/AppTheme"
31-->src\main\AndroidManifest.xml:15:9-40
32        android:usesCleartextTraffic="true" >
32-->src\main\AndroidManifest.xml:14:9-44
33        <activity
33-->src\main\AndroidManifest.xml:16:9-19:68
34            android:name="com.example.mediaescolarmvc.view.MainActivity"
34-->src\main\AndroidManifest.xml:17:13-46
35            android:label="@string/app_name"
35-->src\main\AndroidManifest.xml:18:13-45
36            android:theme="@style/AppTheme.NoActionBar" />
36-->src\main\AndroidManifest.xml:19:13-56
37        <activity
37-->src\main\AndroidManifest.xml:20:9-29:20
38            android:name="com.example.mediaescolarmvc.view.SplashActivity"
38-->src\main\AndroidManifest.xml:21:13-48
39            android:label="@string/app_name"
39-->src\main\AndroidManifest.xml:22:13-45
40            android:theme="@style/AppTheme.NoActionBar" >
40-->src\main\AndroidManifest.xml:23:13-56
41            <intent-filter>
41-->src\main\AndroidManifest.xml:24:13-28:29
42                <action android:name="android.intent.action.MAIN" />
42-->src\main\AndroidManifest.xml:25:17-69
42-->src\main\AndroidManifest.xml:25:25-66
43
44                <category android:name="android.intent.category.LAUNCHER" />
44-->src\main\AndroidManifest.xml:27:17-77
44-->src\main\AndroidManifest.xml:27:27-74
45            </intent-filter>
46        </activity>
47
48        <meta-data
48-->src\main\AndroidManifest.xml:31:9-33:57
49            android:name="preloaded_fonts"
49-->src\main\AndroidManifest.xml:32:13-43
50            android:resource="@array/preloaded_fonts" />
50-->src\main\AndroidManifest.xml:33:13-54
51
52        <activity
52-->[com.google.android.gms:play-services-base:11.8.0] AndroidManifest.xml:23:9-26:75
53            android:name="com.google.android.gms.common.api.GoogleApiActivity"
53-->[com.google.android.gms:play-services-base:11.8.0] AndroidManifest.xml:24:13-79
54            android:exported="false"
54-->[com.google.android.gms:play-services-base:11.8.0] AndroidManifest.xml:25:13-37
55            android:theme="@android:style/Theme.Translucent.NoTitleBar" />
55-->[com.google.android.gms:play-services-base:11.8.0] AndroidManifest.xml:26:13-72
56
57        <meta-data
57-->[com.google.android.gms:play-services-basement:11.8.0] AndroidManifest.xml:23:9-25:69
58            android:name="com.google.android.gms.version"
58-->[com.google.android.gms:play-services-basement:11.8.0] AndroidManifest.xml:24:13-58
59            android:value="@integer/google_play_services_version" />
59-->[com.google.android.gms:play-services-basement:11.8.0] AndroidManifest.xml:25:13-66
60
61        <provider
61-->[androidx.lifecycle:lifecycle-process:2.0.0] AndroidManifest.xml:23:9-27:43
62            android:name="androidx.lifecycle.ProcessLifecycleOwnerInitializer"
62-->[androidx.lifecycle:lifecycle-process:2.0.0] AndroidManifest.xml:24:13-79
63            android:authorities="com.example.mediaescolarmvc.lifecycle-process"
63-->[androidx.lifecycle:lifecycle-process:2.0.0] AndroidManifest.xml:25:13-69
64            android:exported="false"
64-->[androidx.lifecycle:lifecycle-process:2.0.0] AndroidManifest.xml:26:13-37
65            android:multiprocess="true" />
65-->[androidx.lifecycle:lifecycle-process:2.0.0] AndroidManifest.xml:27:13-40
66    </application>
67
68</manifest>